<?xml version="1.0" encoding="UTF-8"?>
<testsuite xmlns:xsi="http://www.w3.org/2001/XMLSchema-instance" xsi:noNamespaceSchemaLocation="https://maven.apache.org/surefire/maven-surefire-plugin/xsd/surefire-test-report.xsd" name="io.agilefastgateway.AgilefastGatewayApplicationTests" time="4.679" tests="1" errors="0" skipped="0" failures="0">
  <properties>
    <property name="sun.desktop" value="windows"/>
    <property name="awt.toolkit" value="sun.awt.windows.WToolkit"/>
    <property name="file.encoding.pkg" value="sun.io"/>
    <property name="java.specification.version" value="1.8"/>
    <property name="sun.cpu.isalist" value="amd64"/>
    <property name="sun.jnu.encoding" value="GBK"/>
    <property name="java.class.path" value="D:\project\work\货车配件物联网管理平台\agilefast-jlpt-service\agilefast-gateway\target\test-classes;D:\project\work\货车配件物联网管理平台\agilefast-jlpt-service\agilefast-gateway\target\classes;D:\agilefastfk3.0-Repository\org\springframework\boot\spring-boot-starter-web\2.7.2\spring-boot-starter-web-2.7.2.jar;D:\agilefastfk3.0-Repository\org\springframework\boot\spring-boot-starter\2.7.2\spring-boot-starter-2.7.2.jar;D:\agilefastfk3.0-Repository\org\springframework\boot\spring-boot-starter-logging\2.7.2\spring-boot-starter-logging-2.7.2.jar;D:\agilefastfk3.0-Repository\ch\qos\logback\logback-classic\1.2.11\logback-classic-1.2.11.jar;D:\agilefastfk3.0-Repository\ch\qos\logback\logback-core\1.2.11\logback-core-1.2.11.jar;D:\agilefastfk3.0-Repository\org\apache\logging\log4j\log4j-to-slf4j\2.17.2\log4j-to-slf4j-2.17.2.jar;D:\agilefastfk3.0-Repository\org\apache\logging\log4j\log4j-api\2.17.2\log4j-api-2.17.2.jar;D:\agilefastfk3.0-Repository\org\slf4j\jul-to-slf4j\1.7.36\jul-to-slf4j-1.7.36.jar;D:\agilefastfk3.0-Repository\org\yaml\snakeyaml\1.30\snakeyaml-1.30.jar;D:\agilefastfk3.0-Repository\org\springframework\boot\spring-boot-starter-json\2.7.2\spring-boot-starter-json-2.7.2.jar;D:\agilefastfk3.0-Repository\com\fasterxml\jackson\core\jackson-databind\2.13.3\jackson-databind-2.13.3.jar;D:\agilefastfk3.0-Repository\com\fasterxml\jackson\core\jackson-annotations\2.13.3\jackson-annotations-2.13.3.jar;D:\agilefastfk3.0-Repository\com\fasterxml\jackson\core\jackson-core\2.13.3\jackson-core-2.13.3.jar;D:\agilefastfk3.0-Repository\com\fasterxml\jackson\datatype\jackson-datatype-jdk8\2.13.3\jackson-datatype-jdk8-2.13.3.jar;D:\agilefastfk3.0-Repository\com\fasterxml\jackson\datatype\jackson-datatype-jsr310\2.13.3\jackson-datatype-jsr310-2.13.3.jar;D:\agilefastfk3.0-Repository\com\fasterxml\jackson\module\jackson-module-parameter-names\2.13.3\jackson-module-parameter-names-2.13.3.jar;D:\agilefastfk3.0-Repository\org\springframework\spring-web\5.3.22\spring-web-5.3.22.jar;D:\agilefastfk3.0-Repository\org\springframework\spring-beans\5.3.22\spring-beans-5.3.22.jar;D:\agilefastfk3.0-Repository\org\springframework\spring-webmvc\5.3.22\spring-webmvc-5.3.22.jar;D:\agilefastfk3.0-Repository\org\springframework\spring-aop\5.3.22\spring-aop-5.3.22.jar;D:\agilefastfk3.0-Repository\org\springframework\spring-context\5.3.22\spring-context-5.3.22.jar;D:\agilefastfk3.0-Repository\org\springframework\spring-expression\5.3.22\spring-expression-5.3.22.jar;D:\agilefastfk3.0-Repository\org\springframework\boot\spring-boot-devtools\2.7.2\spring-boot-devtools-2.7.2.jar;D:\agilefastfk3.0-Repository\org\springframework\boot\spring-boot\2.7.2\spring-boot-2.7.2.jar;D:\agilefastfk3.0-Repository\org\springframework\boot\spring-boot-autoconfigure\2.7.2\spring-boot-autoconfigure-2.7.2.jar;D:\agilefastfk3.0-Repository\org\projectlombok\lombok\1.18.24\lombok-1.18.24.jar;D:\agilefastfk3.0-Repository\org\springframework\boot\spring-boot-starter-tomcat\2.7.2\spring-boot-starter-tomcat-2.7.2.jar;D:\agilefastfk3.0-Repository\jakarta\annotation\jakarta.annotation-api\1.3.5\jakarta.annotation-api-1.3.5.jar;D:\agilefastfk3.0-Repository\org\apache\tomcat\embed\tomcat-embed-core\9.0.65\tomcat-embed-core-9.0.65.jar;D:\agilefastfk3.0-Repository\org\apache\tomcat\embed\tomcat-embed-el\9.0.65\tomcat-embed-el-9.0.65.jar;D:\agilefastfk3.0-Repository\org\apache\tomcat\embed\tomcat-embed-websocket\9.0.65\tomcat-embed-websocket-9.0.65.jar;D:\agilefastfk3.0-Repository\org\springframework\boot\spring-boot-starter-test\2.7.2\spring-boot-starter-test-2.7.2.jar;D:\agilefastfk3.0-Repository\org\springframework\boot\spring-boot-test\2.7.2\spring-boot-test-2.7.2.jar;D:\agilefastfk3.0-Repository\org\springframework\boot\spring-boot-test-autoconfigure\2.7.2\spring-boot-test-autoconfigure-2.7.2.jar;D:\agilefastfk3.0-Repository\com\jayway\jsonpath\json-path\2.7.0\json-path-2.7.0.jar;D:\agilefastfk3.0-Repository\net\minidev\json-smart\2.4.8\json-smart-2.4.8.jar;D:\agilefastfk3.0-Repository\net\minidev\accessors-smart\2.4.8\accessors-smart-2.4.8.jar;D:\agilefastfk3.0-Repository\org\ow2\asm\asm\9.1\asm-9.1.jar;D:\agilefastfk3.0-Repository\org\slf4j\slf4j-api\1.7.36\slf4j-api-1.7.36.jar;D:\agilefastfk3.0-Repository\jakarta\xml\bind\jakarta.xml.bind-api\2.3.3\jakarta.xml.bind-api-2.3.3.jar;D:\agilefastfk3.0-Repository\jakarta\activation\jakarta.activation-api\1.2.2\jakarta.activation-api-1.2.2.jar;D:\agilefastfk3.0-Repository\org\assertj\assertj-core\3.22.0\assertj-core-3.22.0.jar;D:\agilefastfk3.0-Repository\org\hamcrest\hamcrest\2.2\hamcrest-2.2.jar;D:\agilefastfk3.0-Repository\org\junit\jupiter\junit-jupiter\5.8.2\junit-jupiter-5.8.2.jar;D:\agilefastfk3.0-Repository\org\junit\jupiter\junit-jupiter-api\5.8.2\junit-jupiter-api-5.8.2.jar;D:\agilefastfk3.0-Repository\org\opentest4j\opentest4j\1.2.0\opentest4j-1.2.0.jar;D:\agilefastfk3.0-Repository\org\junit\platform\junit-platform-commons\1.8.2\junit-platform-commons-1.8.2.jar;D:\agilefastfk3.0-Repository\org\apiguardian\apiguardian-api\1.1.2\apiguardian-api-1.1.2.jar;D:\agilefastfk3.0-Repository\org\junit\jupiter\junit-jupiter-params\5.8.2\junit-jupiter-params-5.8.2.jar;D:\agilefastfk3.0-Repository\org\junit\jupiter\junit-jupiter-engine\5.8.2\junit-jupiter-engine-5.8.2.jar;D:\agilefastfk3.0-Repository\org\junit\platform\junit-platform-engine\1.8.2\junit-platform-engine-1.8.2.jar;D:\agilefastfk3.0-Repository\org\mockito\mockito-core\4.5.1\mockito-core-4.5.1.jar;D:\agilefastfk3.0-Repository\net\bytebuddy\byte-buddy\1.12.12\byte-buddy-1.12.12.jar;D:\agilefastfk3.0-Repository\net\bytebuddy\byte-buddy-agent\1.12.12\byte-buddy-agent-1.12.12.jar;D:\agilefastfk3.0-Repository\org\objenesis\objenesis\3.2\objenesis-3.2.jar;D:\agilefastfk3.0-Repository\org\mockito\mockito-junit-jupiter\4.5.1\mockito-junit-jupiter-4.5.1.jar;D:\agilefastfk3.0-Repository\org\skyscreamer\jsonassert\1.5.1\jsonassert-1.5.1.jar;D:\agilefastfk3.0-Repository\com\vaadin\external\google\android-json\0.0.20131108.vaadin1\android-json-0.0.20131108.vaadin1.jar;D:\agilefastfk3.0-Repository\org\springframework\spring-core\5.3.22\spring-core-5.3.22.jar;D:\agilefastfk3.0-Repository\org\springframework\spring-jcl\5.3.22\spring-jcl-5.3.22.jar;D:\agilefastfk3.0-Repository\org\springframework\spring-test\5.3.22\spring-test-5.3.22.jar;D:\agilefastfk3.0-Repository\org\xmlunit\xmlunit-core\2.9.0\xmlunit-core-2.9.0.jar;D:\agilefastfk3.0-Repository\org\apache\httpcomponents\httpclient\4.5.13\httpclient-4.5.13.jar;D:\agilefastfk3.0-Repository\org\apache\httpcomponents\httpcore\4.4.15\httpcore-4.4.15.jar;D:\agilefastfk3.0-Repository\commons-codec\commons-codec\1.15\commons-codec-1.15.jar;D:\agilefastfk3.0-Repository\org\apache\httpcomponents\httpmime\4.4\httpmime-4.4.jar;D:\agilefastfk3.0-Repository\com\alibaba\fastjson\2.0.9\fastjson-2.0.9.jar;D:\agilefastfk3.0-Repository\com\alibaba\fastjson2\fastjson2-extension\2.0.9\fastjson2-extension-2.0.9.jar;D:\agilefastfk3.0-Repository\com\alibaba\fastjson2\fastjson2\2.0.9\fastjson2-2.0.9.jar;D:\agilefastfk3.0-Repository\io\swagger\swagger-annotations\1.5.22\swagger-annotations-1.5.22.jar;D:\agilefastfk3.0-Repository\cn\hutool\hutool-all\4.6.8\hutool-all-4.6.8.jar;D:\agilefastfk3.0-Repository\commons-lang\commons-lang\2.6\commons-lang-2.6.jar;D:\agilefastfk3.0-Repository\joda-time\joda-time\2.10.5\joda-time-2.10.5.jar;D:\agilefastfk3.0-Repository\jakarta\validation\jakarta.validation-api\2.0.2\jakarta.validation-api-2.0.2.jar;"/>
    <property name="java.vm.vendor" value="Oracle Corporation"/>
    <property name="sun.arch.data.model" value="64"/>
    <property name="user.variant" value=""/>
    <property name="java.vendor.url" value="http://java.oracle.com/"/>
    <property name="user.timezone" value="Asia/Shanghai"/>
    <property name="java.vm.specification.version" value="1.8"/>
    <property name="os.name" value="Windows 10"/>
    <property name="user.country" value="CN"/>
    <property name="sun.java.launcher" value="SUN_STANDARD"/>
    <property name="sun.boot.library.path" value="C:\Program Files\Java\jdk1.8.0_181\jre\bin"/>
    <property name="sun.java.command" value="C:\Users\admin\AppData\Local\Temp\surefire2819327716919736246\surefirebooter1980429392158896546.jar C:\Users\admin\AppData\Local\Temp\surefire2819327716919736246 2022-12-21T15-22-39_119-jvmRun1 surefire2127897609025974382tmp surefire_06177465078462633082tmp"/>
    <property name="surefire.test.class.path" value="D:\project\work\货车配件物联网管理平台\agilefast-jlpt-service\agilefast-gateway\target\test-classes;D:\project\work\货车配件物联网管理平台\agilefast-jlpt-service\agilefast-gateway\target\classes;D:\agilefastfk3.0-Repository\org\springframework\boot\spring-boot-starter-web\2.7.2\spring-boot-starter-web-2.7.2.jar;D:\agilefastfk3.0-Repository\org\springframework\boot\spring-boot-starter\2.7.2\spring-boot-starter-2.7.2.jar;D:\agilefastfk3.0-Repository\org\springframework\boot\spring-boot-starter-logging\2.7.2\spring-boot-starter-logging-2.7.2.jar;D:\agilefastfk3.0-Repository\ch\qos\logback\logback-classic\1.2.11\logback-classic-1.2.11.jar;D:\agilefastfk3.0-Repository\ch\qos\logback\logback-core\1.2.11\logback-core-1.2.11.jar;D:\agilefastfk3.0-Repository\org\apache\logging\log4j\log4j-to-slf4j\2.17.2\log4j-to-slf4j-2.17.2.jar;D:\agilefastfk3.0-Repository\org\apache\logging\log4j\log4j-api\2.17.2\log4j-api-2.17.2.jar;D:\agilefastfk3.0-Repository\org\slf4j\jul-to-slf4j\1.7.36\jul-to-slf4j-1.7.36.jar;D:\agilefastfk3.0-Repository\org\yaml\snakeyaml\1.30\snakeyaml-1.30.jar;D:\agilefastfk3.0-Repository\org\springframework\boot\spring-boot-starter-json\2.7.2\spring-boot-starter-json-2.7.2.jar;D:\agilefastfk3.0-Repository\com\fasterxml\jackson\core\jackson-databind\2.13.3\jackson-databind-2.13.3.jar;D:\agilefastfk3.0-Repository\com\fasterxml\jackson\core\jackson-annotations\2.13.3\jackson-annotations-2.13.3.jar;D:\agilefastfk3.0-Repository\com\fasterxml\jackson\core\jackson-core\2.13.3\jackson-core-2.13.3.jar;D:\agilefastfk3.0-Repository\com\fasterxml\jackson\datatype\jackson-datatype-jdk8\2.13.3\jackson-datatype-jdk8-2.13.3.jar;D:\agilefastfk3.0-Repository\com\fasterxml\jackson\datatype\jackson-datatype-jsr310\2.13.3\jackson-datatype-jsr310-2.13.3.jar;D:\agilefastfk3.0-Repository\com\fasterxml\jackson\module\jackson-module-parameter-names\2.13.3\jackson-module-parameter-names-2.13.3.jar;D:\agilefastfk3.0-Repository\org\springframework\spring-web\5.3.22\spring-web-5.3.22.jar;D:\agilefastfk3.0-Repository\org\springframework\spring-beans\5.3.22\spring-beans-5.3.22.jar;D:\agilefastfk3.0-Repository\org\springframework\spring-webmvc\5.3.22\spring-webmvc-5.3.22.jar;D:\agilefastfk3.0-Repository\org\springframework\spring-aop\5.3.22\spring-aop-5.3.22.jar;D:\agilefastfk3.0-Repository\org\springframework\spring-context\5.3.22\spring-context-5.3.22.jar;D:\agilefastfk3.0-Repository\org\springframework\spring-expression\5.3.22\spring-expression-5.3.22.jar;D:\agilefastfk3.0-Repository\org\springframework\boot\spring-boot-devtools\2.7.2\spring-boot-devtools-2.7.2.jar;D:\agilefastfk3.0-Repository\org\springframework\boot\spring-boot\2.7.2\spring-boot-2.7.2.jar;D:\agilefastfk3.0-Repository\org\springframework\boot\spring-boot-autoconfigure\2.7.2\spring-boot-autoconfigure-2.7.2.jar;D:\agilefastfk3.0-Repository\org\projectlombok\lombok\1.18.24\lombok-1.18.24.jar;D:\agilefastfk3.0-Repository\org\springframework\boot\spring-boot-starter-tomcat\2.7.2\spring-boot-starter-tomcat-2.7.2.jar;D:\agilefastfk3.0-Repository\jakarta\annotation\jakarta.annotation-api\1.3.5\jakarta.annotation-api-1.3.5.jar;D:\agilefastfk3.0-Repository\org\apache\tomcat\embed\tomcat-embed-core\9.0.65\tomcat-embed-core-9.0.65.jar;D:\agilefastfk3.0-Repository\org\apache\tomcat\embed\tomcat-embed-el\9.0.65\tomcat-embed-el-9.0.65.jar;D:\agilefastfk3.0-Repository\org\apache\tomcat\embed\tomcat-embed-websocket\9.0.65\tomcat-embed-websocket-9.0.65.jar;D:\agilefastfk3.0-Repository\org\springframework\boot\spring-boot-starter-test\2.7.2\spring-boot-starter-test-2.7.2.jar;D:\agilefastfk3.0-Repository\org\springframework\boot\spring-boot-test\2.7.2\spring-boot-test-2.7.2.jar;D:\agilefastfk3.0-Repository\org\springframework\boot\spring-boot-test-autoconfigure\2.7.2\spring-boot-test-autoconfigure-2.7.2.jar;D:\agilefastfk3.0-Repository\com\jayway\jsonpath\json-path\2.7.0\json-path-2.7.0.jar;D:\agilefastfk3.0-Repository\net\minidev\json-smart\2.4.8\json-smart-2.4.8.jar;D:\agilefastfk3.0-Repository\net\minidev\accessors-smart\2.4.8\accessors-smart-2.4.8.jar;D:\agilefastfk3.0-Repository\org\ow2\asm\asm\9.1\asm-9.1.jar;D:\agilefastfk3.0-Repository\org\slf4j\slf4j-api\1.7.36\slf4j-api-1.7.36.jar;D:\agilefastfk3.0-Repository\jakarta\xml\bind\jakarta.xml.bind-api\2.3.3\jakarta.xml.bind-api-2.3.3.jar;D:\agilefastfk3.0-Repository\jakarta\activation\jakarta.activation-api\1.2.2\jakarta.activation-api-1.2.2.jar;D:\agilefastfk3.0-Repository\org\assertj\assertj-core\3.22.0\assertj-core-3.22.0.jar;D:\agilefastfk3.0-Repository\org\hamcrest\hamcrest\2.2\hamcrest-2.2.jar;D:\agilefastfk3.0-Repository\org\junit\jupiter\junit-jupiter\5.8.2\junit-jupiter-5.8.2.jar;D:\agilefastfk3.0-Repository\org\junit\jupiter\junit-jupiter-api\5.8.2\junit-jupiter-api-5.8.2.jar;D:\agilefastfk3.0-Repository\org\opentest4j\opentest4j\1.2.0\opentest4j-1.2.0.jar;D:\agilefastfk3.0-Repository\org\junit\platform\junit-platform-commons\1.8.2\junit-platform-commons-1.8.2.jar;D:\agilefastfk3.0-Repository\org\apiguardian\apiguardian-api\1.1.2\apiguardian-api-1.1.2.jar;D:\agilefastfk3.0-Repository\org\junit\jupiter\junit-jupiter-params\5.8.2\junit-jupiter-params-5.8.2.jar;D:\agilefastfk3.0-Repository\org\junit\jupiter\junit-jupiter-engine\5.8.2\junit-jupiter-engine-5.8.2.jar;D:\agilefastfk3.0-Repository\org\junit\platform\junit-platform-engine\1.8.2\junit-platform-engine-1.8.2.jar;D:\agilefastfk3.0-Repository\org\mockito\mockito-core\4.5.1\mockito-core-4.5.1.jar;D:\agilefastfk3.0-Repository\net\bytebuddy\byte-buddy\1.12.12\byte-buddy-1.12.12.jar;D:\agilefastfk3.0-Repository\net\bytebuddy\byte-buddy-agent\1.12.12\byte-buddy-agent-1.12.12.jar;D:\agilefastfk3.0-Repository\org\objenesis\objenesis\3.2\objenesis-3.2.jar;D:\agilefastfk3.0-Repository\org\mockito\mockito-junit-jupiter\4.5.1\mockito-junit-jupiter-4.5.1.jar;D:\agilefastfk3.0-Repository\org\skyscreamer\jsonassert\1.5.1\jsonassert-1.5.1.jar;D:\agilefastfk3.0-Repository\com\vaadin\external\google\android-json\0.0.20131108.vaadin1\android-json-0.0.20131108.vaadin1.jar;D:\agilefastfk3.0-Repository\org\springframework\spring-core\5.3.22\spring-core-5.3.22.jar;D:\agilefastfk3.0-Repository\org\springframework\spring-jcl\5.3.22\spring-jcl-5.3.22.jar;D:\agilefastfk3.0-Repository\org\springframework\spring-test\5.3.22\spring-test-5.3.22.jar;D:\agilefastfk3.0-Repository\org\xmlunit\xmlunit-core\2.9.0\xmlunit-core-2.9.0.jar;D:\agilefastfk3.0-Repository\org\apache\httpcomponents\httpclient\4.5.13\httpclient-4.5.13.jar;D:\agilefastfk3.0-Repository\org\apache\httpcomponents\httpcore\4.4.15\httpcore-4.4.15.jar;D:\agilefastfk3.0-Repository\commons-codec\commons-codec\1.15\commons-codec-1.15.jar;D:\agilefastfk3.0-Repository\org\apache\httpcomponents\httpmime\4.4\httpmime-4.4.jar;D:\agilefastfk3.0-Repository\com\alibaba\fastjson\2.0.9\fastjson-2.0.9.jar;D:\agilefastfk3.0-Repository\com\alibaba\fastjson2\fastjson2-extension\2.0.9\fastjson2-extension-2.0.9.jar;D:\agilefastfk3.0-Repository\com\alibaba\fastjson2\fastjson2\2.0.9\fastjson2-2.0.9.jar;D:\agilefastfk3.0-Repository\io\swagger\swagger-annotations\1.5.22\swagger-annotations-1.5.22.jar;D:\agilefastfk3.0-Repository\cn\hutool\hutool-all\4.6.8\hutool-all-4.6.8.jar;D:\agilefastfk3.0-Repository\commons-lang\commons-lang\2.6\commons-lang-2.6.jar;D:\agilefastfk3.0-Repository\joda-time\joda-time\2.10.5\joda-time-2.10.5.jar;D:\agilefastfk3.0-Repository\jakarta\validation\jakarta.validation-api\2.0.2\jakarta.validation-api-2.0.2.jar;"/>
    <property name="sun.cpu.endian" value="little"/>
    <property name="user.home" value="C:\Users\admin"/>
    <property name="user.language" value="zh"/>
    <property name="java.specification.vendor" value="Oracle Corporation"/>
    <property name="java.home" value="C:\Program Files\Java\jdk1.8.0_181\jre"/>
    <property name="basedir" value="D:\project\work\货车配件物联网管理平台\agilefast-jlpt-service\agilefast-gateway"/>
    <property name="file.separator" value="\"/>
    <property name="line.separator" value="&#10;"/>
    <property name="java.vm.specification.vendor" value="Oracle Corporation"/>
    <property name="java.specification.name" value="Java Platform API Specification"/>
    <property name="java.awt.graphicsenv" value="sun.awt.Win32GraphicsEnvironment"/>
    <property name="surefire.real.class.path" value="C:\Users\admin\AppData\Local\Temp\surefire2819327716919736246\surefirebooter1980429392158896546.jar"/>
    <property name="sun.boot.class.path" value="C:\Program Files\Java\jdk1.8.0_181\jre\lib\resources.jar;C:\Program Files\Java\jdk1.8.0_181\jre\lib\rt.jar;C:\Program Files\Java\jdk1.8.0_181\jre\lib\sunrsasign.jar;C:\Program Files\Java\jdk1.8.0_181\jre\lib\jsse.jar;C:\Program Files\Java\jdk1.8.0_181\jre\lib\jce.jar;C:\Program Files\Java\jdk1.8.0_181\jre\lib\charsets.jar;C:\Program Files\Java\jdk1.8.0_181\jre\lib\jfr.jar;C:\Program Files\Java\jdk1.8.0_181\jre\classes"/>
    <property name="user.script" value=""/>
    <property name="sun.management.compiler" value="HotSpot 64-Bit Tiered Compilers"/>
    <property name="java.runtime.version" value="1.8.0_181-b13"/>
    <property name="user.name" value="admin"/>
    <property name="path.separator" value=";"/>
    <property name="os.version" value="10.0"/>
    <property name="java.endorsed.dirs" value="C:\Program Files\Java\jdk1.8.0_181\jre\lib\endorsed"/>
    <property name="java.runtime.name" value="Java(TM) SE Runtime Environment"/>
    <property name="file.encoding" value="GBK"/>
    <property name="java.vm.name" value="Java HotSpot(TM) 64-Bit Server VM"/>
    <property name="localRepository" value="D:\agilefastfk3.0-Repository"/>
    <property name="java.vendor.url.bug" value="http://bugreport.sun.com/bugreport/"/>
    <property name="java.io.tmpdir" value="C:\Users\admin\AppData\Local\Temp\"/>
    <property name="idea.version" value="2021.2.2"/>
    <property name="java.version" value="1.8.0_181"/>
    <property name="user.dir" value="D:\project\work\货车配件物联网管理平台\agilefast-jlpt-service\agilefast-gateway"/>
    <property name="os.arch" value="amd64"/>
    <property name="java.vm.specification.name" value="Java Virtual Machine Specification"/>
    <property name="java.awt.printerjob" value="sun.awt.windows.WPrinterJob"/>
    <property name="sun.os.patch.level" value=""/>
    <property name="java.library.path" value="C:\Program Files\Java\jdk1.8.0_181\jre\bin;C:\WINDOWS\Sun\Java\bin;C:\WINDOWS\system32;C:\WINDOWS;D:\software\VMvare\bin\;C:\Program Files (x86)\Common Files\Oracle\Java\javapath;C:\WINDOWS\system32;C:\WINDOWS;C:\WINDOWS\System32\Wbem;C:\WINDOWS\System32\WindowsPowerShell\v1.0\;C:\Program Files\Lenovo\Fingerprint Manager Pro\;C:\Program Files\Intel\WiFi\bin\;C:\Program Files\Common Files\Intel\WirelessCommon\;C:\Program Files\Java\jdk1.8.0_181\bin;C:\Program Files\Java\jdk1.8.0_181\jre\bin;D:\software\apache-maven-3.8.3\bin;C:\Program Files\mysql-5.7.36-winx64\bin;C:\Program Files\nodejs\;C:\WINDOWS\System32\OpenSSH\;C:\Program Files\Git\cmd;C:\Program Files\Intel\WiFi\bin\;C:\Program Files\Common Files\Intel\WirelessCommon\;D:\software\IntelliJ IDEA 2021.2.2\bin;;C:\Users\admin\AppData\Roaming\npm;C:\Users\admin\AppData\Local\Microsoft\WindowsApps;;D:\software\WebStorm 2022.1\bin;;."/>
    <property name="java.vm.info" value="mixed mode"/>
    <property name="java.vendor" value="Oracle Corporation"/>
    <property name="java.vm.version" value="25.181-b13"/>
    <property name="java.ext.dirs" value="C:\Program Files\Java\jdk1.8.0_181\jre\lib\ext;C:\WINDOWS\Sun\Java\lib\ext"/>
    <property name="sun.io.unicode.encoding" value="UnicodeLittle"/>
    <property name="maven.repo.local" value="D:\agilefastfk3.0-Repository"/>
    <property name="java.class.version" value="52.0"/>
  </properties>
  <testcase name="contextLoads" classname="io.agilefastgateway.AgilefastGatewayApplicationTests" time="0.487"/>
</testsuite>